<?xml version="1.0" encoding="UTF-8"?>
<coverage generated="1544540756094" clover="3.2.0">
  <project timestamp="1544540756094" name="All files">
    <metrics statements="51" coveredstatements="2" conditionals="10" coveredconditionals="0" methods="9" coveredmethods="0" elements="70" coveredelements="2" complexity="0" loc="51" ncloc="51" packages="3" files="7" classes="7">
      <package name="components">
        <metrics statements="31" coveredstatements="2" conditionals="10" coveredconditionals="0" methods="9" coveredmethods="0"/>
        <file name="DeleteItem.js" path="/Users/yanyan/Documents/react/next-graphql/components/DeleteItem.js">
          <metrics statements="10" coveredstatements="1" conditionals="2" coveredconditionals="0" methods="6" coveredmethods="0"/>
          <line num="6" count="1" type="stmt"/>
          <line num="18" count="0" type="stmt"/>
          <line num="19" count="0" type="stmt"/>
          <line num="21" count="0" type="stmt"/>
          <line num="23" count="0" type="stmt"/>
          <line num="26" count="0" type="stmt"/>
          <line num="33" count="0" type="stmt"/>
          <line num="35" count="0" type="cond" truecount="0" falsecount="2"/>
          <line num="36" count="0" type="stmt"/>
          <line num="37" count="0" type="stmt"/>
        </file>
        <file name="SingleItem.js" path="/Users/yanyan/Documents/react/next-graphql/components/SingleItem.js">
          <metrics statements="18" coveredstatements="0" conditionals="6" coveredconditionals="0" methods="2" coveredmethods="0"/>
          <line num="1" count="0" type="stmt"/>
          <line num="2" count="0" type="stmt"/>
          <line num="3" count="0" type="stmt"/>
          <line num="4" count="0" type="stmt"/>
          <line num="5" count="0" type="stmt"/>
          <line num="6" count="0" type="stmt"/>
          <line num="8" count="0" type="stmt"/>
          <line num="11" count="0" type="stmt"/>
          <line num="26" count="0" type="stmt"/>
          <line num="37" count="0" type="stmt"/>
          <line num="38" count="0" type="stmt"/>
          <line num="45" count="0" type="stmt"/>
          <line num="46" count="0" type="cond" truecount="0" falsecount="2"/>
          <line num="47" count="0" type="cond" truecount="0" falsecount="2"/>
          <line num="48" count="0" type="cond" truecount="0" falsecount="2"/>
          <line num="49" count="0" type="stmt"/>
          <line num="50" count="0" type="stmt"/>
          <line num="51" count="0" type="stmt"/>
        </file>
        <file name="item.js" path="/Users/yanyan/Documents/react/next-graphql/components/item.js">
          <metrics statements="3" coveredstatements="1" conditionals="2" coveredconditionals="0" methods="1" coveredmethods="0"/>
          <line num="12" count="0" type="stmt"/>
          <line num="13" count="0" type="stmt"/>
          <line num="40" count="1" type="stmt"/>
        </file>
      </package>
      <package name="pages">
        <metrics statements="9" coveredstatements="0" conditionals="0" coveredconditionals="0" methods="0" coveredmethods="0"/>
        <file name="index.js" path="/Users/yanyan/Documents/react/next-graphql/pages/index.js">
          <metrics statements="3" coveredstatements="0" conditionals="0" coveredconditionals="0" methods="0" coveredmethods="0"/>
          <line num="1" count="0" type="stmt"/>
          <line num="2" count="0" type="stmt"/>
          <line num="6" count="0" type="stmt"/>
        </file>
        <file name="item.js" path="/Users/yanyan/Documents/react/next-graphql/pages/item.js">
          <metrics statements="3" coveredstatements="0" conditionals="0" coveredconditionals="0" methods="0" coveredmethods="0"/>
          <line num="1" count="0" type="stmt"/>
          <line num="2" count="0" type="stmt"/>
          <line num="6" count="0" type="stmt"/>
        </file>
        <file name="sell.js" path="/Users/yanyan/Documents/react/next-graphql/pages/sell.js">
          <metrics statements="3" coveredstatements="0" conditionals="0" coveredconditionals="0" methods="0" coveredmethods="0"/>
          <line num="1" count="0" type="stmt"/>
          <line num="2" count="0" type="stmt"/>
          <line num="6" count="0" type="stmt"/>
        </file>
      </package>
      <package name="prisma.src.resolvers">
        <metrics statements="11" coveredstatements="0" conditionals="0" coveredconditionals="0" methods="0" coveredmethods="0"/>
        <file name="Mutation.js" path="/Users/yanyan/Documents/react/next-graphql/prisma/src/resolvers/Mutation.js">
          <metrics statements="11" coveredstatements="0" conditionals="0" coveredconditionals="0" methods="0" coveredmethods="0"/>
          <line num="1" count="0" type="stmt"/>
          <line num="3" count="0" type="stmt"/>
          <line num="11" count="0" type="stmt"/>
          <line num="12" count="0" type="stmt"/>
          <line num="15" count="0" type="stmt"/>
          <line num="16" count="0" type="stmt"/>
          <line num="17" count="0" type="stmt"/>
          <line num="28" count="0" type="stmt"/>
          <line num="29" count="0" type="stmt"/>
          <line num="36" count="0" type="stmt"/>
          <line num="40" count="0" type="stmt"/>
        </file>
      </package>
    </metrics>
  </project>
</coverage>
