{"/Users/yanyan/Documents/react/next-graphql/components/DeleteItem.js": {"path":"/Users/yanyan/Documents/react/next-graphql/components/DeleteItem.js","statementMap":{"0":{"start":{"line":6,"column":29},"end":{"line":12,"column":1}},"1":{"start":{"line":18,"column":17},"end":{"line":18,"column":60}},"2":{"start":{"line":19,"column":4},"end":{"line":19,"column":31}},"3":{"start":{"line":21,"column":4},"end":{"line":21,"column":83}},"4":{"start":{"line":21,"column":43},"end":{"line":21,"column":81}},"5":{"start":{"line":23,"column":4},"end":{"line":23,"column":55}},"6":{"start":{"line":26,"column":4},"end":{"line":46,"column":6}},"7":{"start":{"line":33,"column":10},"end":{"line":43,"column":19}},"8":{"start":{"line":35,"column":14},"end":{"line":39,"column":15}},"9":{"start":{"line":36,"column":16},"end":{"line":38,"column":19}},"10":{"start":{"line":37,"column":18},"end":{"line":37,"column":37}}},"fnMap":{"0":{"name":"(anonymous_0)","decl":{"start":{"line":15,"column":11},"end":{"line":15,"column":12}},"loc":{"start":{"line":15,"column":31},"end":{"line":24,"column":3}},"line":15},"1":{"name":"(anonymous_1)","decl":{"start":{"line":21,"column":35},"end":{"line":21,"column":36}},"loc":{"start":{"line":21,"column":43},"end":{"line":21,"column":81}},"line":21},"2":{"name":"(anonymous_2)","decl":{"start":{"line":25,"column":2},"end":{"line":25,"column":3}},"loc":{"start":{"line":25,"column":11},"end":{"line":47,"column":3}},"line":25},"3":{"name":"(anonymous_3)","decl":{"start":{"line":32,"column":9},"end":{"line":32,"column":10}},"loc":{"start":{"line":33,"column":10},"end":{"line":43,"column":19}},"line":33},"4":{"name":"(anonymous_4)","decl":{"start":{"line":34,"column":21},"end":{"line":34,"column":22}},"loc":{"start":{"line":34,"column":27},"end":{"line":40,"column":13}},"line":34},"5":{"name":"(anonymous_5)","decl":{"start":{"line":36,"column":35},"end":{"line":36,"column":36}},"loc":{"start":{"line":36,"column":42},"end":{"line":38,"column":17}},"line":36}},"branchMap":{"0":{"loc":{"start":{"line":35,"column":14},"end":{"line":39,"column":15}},"type":"if","locations":[{"start":{"line":35,"column":14},"end":{"line":39,"column":15}},{"start":{"line":35,"column":14},"end":{"line":39,"column":15}}],"line":35}},"s":{"0":1,"1":0,"2":0,"3":0,"4":0,"5":0,"6":0,"7":0,"8":0,"9":0,"10":0},"f":{"0":0,"1":0,"2":0,"3":0,"4":0,"5":0},"b":{"0":[0,0]},"_coverageSchema":"332fd63041d2c1bcb487cc26dd0d5f7d97098a6c","hash":"c25761a74b4bcf75c4084ba3d2542496087c4f18"}
,"/Users/yanyan/Documents/react/next-graphql/components/SingleItem.js": {"path":"/Users/yanyan/Documents/react/next-graphql/components/SingleItem.js","statementMap":{"0":{"start":{"line":1,"column":0},"end":{"line":null,"column":-1}},"1":{"start":{"line":2,"column":0},"end":{"line":null,"column":-1}},"2":{"start":{"line":3,"column":0},"end":{"line":null,"column":-1}},"3":{"start":{"line":4,"column":0},"end":{"line":null,"column":-1}},"4":{"start":{"line":5,"column":0},"end":{"line":null,"column":-1}},"5":{"start":{"line":6,"column":0},"end":{"line":null,"column":-1}},"6":{"start":{"line":8,"column":25},"end":{"line":8,"column":0}},"7":{"start":{"line":11,"column":21},"end":{"line":null,"column":-1}},"8":{"start":{"line":26,"column":23},"end":{"line":26,"column":0}},"9":{"start":{"line":37,"column":11},"end":{"line":null,"column":-1}},"10":{"start":{"line":38,"column":4},"end":{"line":null,"column":-1}},"11":{"start":{"line":45,"column":39},"end":{"line":45,"column":38}},"12":{"start":{"line":46,"column":10},"end":{"line":46,"column":21}},"13":{"start":{"line":46,"column":21},"end":{"line":null,"column":-1}},"14":{"start":{"line":47,"column":10},"end":{"line":47,"column":23}},"15":{"start":{"line":47,"column":23},"end":{"line":null,"column":-1}},"16":{"start":{"line":48,"column":10},"end":{"line":48,"column":26}},"17":{"start":{"line":48,"column":26},"end":{"line":null,"column":-1}},"18":{"start":{"line":49,"column":23},"end":{"line":49,"column":10}},"19":{"start":{"line":50,"column":10},"end":{"line":null,"column":-1}},"20":{"start":{"line":51,"column":10},"end":{"line":null,"column":-1}}},"fnMap":{"0":{"name":"(anonymous_18)","decl":{"start":{"line":11,"column":16},"end":{"line":11,"column":15}},"loc":{"start":{"line":11,"column":21},"end":{"line":8,"column":22}}},"1":{"name":"(anonymous_22)","decl":{"start":{"line":45,"column":9},"end":{"line":45,"column":38}},"loc":{"start":{"line":45,"column":39},"end":{"line":39,"column":6}}}},"branchMap":{"0":{"loc":{"start":{"line":46,"column":10},"end":{"line":46,"column":21}},"type":"if","locations":[{"start":{"line":46,"column":10},"end":{"line":46,"column":21}},{"start":{"line":46,"column":10},"end":{"line":46,"column":21}}]},"1":{"loc":{"start":{"line":47,"column":10},"end":{"line":47,"column":23}},"type":"if","locations":[{"start":{"line":47,"column":10},"end":{"line":47,"column":23}},{"start":{"line":47,"column":10},"end":{"line":47,"column":23}}]},"2":{"loc":{"start":{"line":48,"column":10},"end":{"line":48,"column":26}},"type":"if","locations":[{"start":{"line":48,"column":10},"end":{"line":48,"column":26}},{"start":{"line":48,"column":10},"end":{"line":48,"column":26}}]}},"s":{"0":0,"1":0,"2":0,"3":0,"4":0,"5":0,"6":0,"7":0,"8":0,"9":0,"10":0,"11":0,"12":0,"13":0,"14":0,"15":0,"16":0,"17":0,"18":0,"19":0,"20":0},"f":{"0":0,"1":0},"b":{"0":[0,0],"1":[0,0],"2":[0,0]}}
,"/Users/yanyan/Documents/react/next-graphql/components/item.js": {"path":"/Users/yanyan/Documents/react/next-graphql/components/item.js","statementMap":{"0":{"start":{"line":12,"column":21},"end":{"line":12,"column":31}},"1":{"start":{"line":13,"column":4},"end":{"line":36,"column":6}},"2":{"start":{"line":40,"column":0},"end":{"line":42,"column":2}}},"fnMap":{"0":{"name":"(anonymous_0)","decl":{"start":{"line":11,"column":2},"end":{"line":11,"column":3}},"loc":{"start":{"line":11,"column":11},"end":{"line":37,"column":3}},"line":11}},"branchMap":{"0":{"loc":{"start":{"line":15,"column":9},"end":{"line":15,"column":64}},"type":"binary-expr","locations":[{"start":{"line":15,"column":9},"end":{"line":15,"column":19}},{"start":{"line":15,"column":23},"end":{"line":15,"column":64}}],"line":15}},"s":{"0":0,"1":0,"2":1},"f":{"0":0},"b":{"0":[0,0]},"_coverageSchema":"332fd63041d2c1bcb487cc26dd0d5f7d97098a6c","hash":"1231ee21f918b354a800cdc7ea1d9082433172e5"}
,"/Users/yanyan/Documents/react/next-graphql/pages/index.js": {"path":"/Users/yanyan/Documents/react/next-graphql/pages/index.js","statementMap":{"0":{"start":{"line":1,"column":0},"end":{"line":null,"column":-1}},"1":{"start":{"line":2,"column":0},"end":{"line":null,"column":-1}},"2":{"start":{"line":6,"column":4},"end":{"line":null,"column":-1}}},"fnMap":{},"branchMap":{},"s":{"0":0,"1":0,"2":0},"f":{},"b":{}}
,"/Users/yanyan/Documents/react/next-graphql/pages/item.js": {"path":"/Users/yanyan/Documents/react/next-graphql/pages/item.js","statementMap":{"0":{"start":{"line":1,"column":0},"end":{"line":null,"column":-1}},"1":{"start":{"line":2,"column":0},"end":{"line":null,"column":-1}},"2":{"start":{"line":6,"column":4},"end":{"line":null,"column":-1}}},"fnMap":{},"branchMap":{},"s":{"0":0,"1":0,"2":0},"f":{},"b":{}}
,"/Users/yanyan/Documents/react/next-graphql/pages/sell.js": {"path":"/Users/yanyan/Documents/react/next-graphql/pages/sell.js","statementMap":{"0":{"start":{"line":1,"column":0},"end":{"line":null,"column":-1}},"1":{"start":{"line":2,"column":0},"end":{"line":null,"column":-1}},"2":{"start":{"line":6,"column":4},"end":{"line":null,"column":-1}}},"fnMap":{},"branchMap":{},"s":{"0":0,"1":0,"2":0},"f":{},"b":{}}
,"/Users/yanyan/Documents/react/next-graphql/prisma/src/resolvers/Mutation.js": {"path":"/Users/yanyan/Documents/react/next-graphql/prisma/src/resolvers/Mutation.js","statementMap":{"0":{"start":{"line":1,"column":17},"end":{"line":1,"column":0}},"1":{"start":{"line":3,"column":17},"end":{"line":3,"column":4}},"2":{"start":{"line":11,"column":4},"end":{"line":null,"column":-1}},"3":{"start":{"line":12,"column":4},"end":{"line":null,"column":-1}},"4":{"start":{"line":15,"column":19},"end":{"line":15,"column":4}},"5":{"start":{"line":16,"column":4},"end":{"line":null,"column":-1}},"6":{"start":{"line":17,"column":4},"end":{"line":null,"column":-1}},"7":{"start":{"line":28,"column":18},"end":{"line":28,"column":4}},"8":{"start":{"line":29,"column":17},"end":{"line":29,"column":4}},"9":{"start":{"line":36,"column":4},"end":{"line":null,"column":-1}},"10":{"start":{"line":40,"column":0},"end":{"line":null,"column":-1}}},"fnMap":{},"branchMap":{},"s":{"0":0,"1":0,"2":0,"3":0,"4":0,"5":0,"6":0,"7":0,"8":0,"9":0,"10":0},"f":{},"b":{}}
}
